--------------------> routing with rounds 10
--------------------> batch_test begins

i|i|i|i|i|i|i|i|i|i|ins|48.9299297333
d|d|d|d|d|d|d|d|d|d|del|10.6601715088
i|i|i|i|i|i|i|i|i|i|ins|10.7011795044
d|d|d|d|d|d|d|d|d|d|del|5.08999824524
i|i|i|i|i|i|ins|9.82093811035
d|d|d|d|d|d|del|4.04191017151
i|i|i|i|i|i|i|i|i|i|ins|11.4378929138
d|d|d|d|d|d|d|d|d|d|del|5.88488578796
i|i|i|i|i|i|i|i|i|i|ins|15.4769420624
d|d|d|d|d|d|d|d|d|d|del|5.71489334106
i|i|i|i|i|i|i|i|i|i|ins|12.0320320129
d|d|d|d|d|d|d|d|d|d|del|5.695104599
i|i|i|i|i|i|i|i|i|i|ins|15.0258541107
d|d|d|d|d|d|d|d|d|d|del|5.9859752655
i|i|i|i|i|i|i|i|i|i|ins|11.8730068207
d|d|d|d|d|d|d|d|d|d|del|6.02984428406
i|i|i|i|i|i|i|i|i|i|ins|15.7380104065
d|d|d|d|d|d|d|d|d|d|del|10.3421211243
i|i|ins|8.59808921814
d|d|del|2.90203094482
--------------------> batch_test ends
