-------------------->isp with rounds 10
-------------------->batch_test begins

round 0
add-flow s60(ms): 53.6439418793
add-flow s60(ms): 29.9899578094
add-flow s472(ms): 52.1059036255
add-flow s472(ms): 46.1251735687
add-flow s34(ms): 45.6488132477
add-flow s34(ms): 31.4509868622
INSERT INTO tm values (1,1034,1472,1)(ms):560.208082199
del-flows s472(ms): 23.3299732208
del-flows s472(ms): 38.125038147
del-flows s60(ms): 67.9008960724
del-flows s60(ms): 44.9450016022
del-flows s34(ms): 19.5670127869
del-flows s34(ms): 65.1330947876
DELETE FROM tm WHERE fid = 1(ms):288.367033005

round 1
add-flow s60(ms): 34.2299938202
add-flow s60(ms): 61.4020824432
add-flow s112(ms): 64.8691654205
add-flow s112(ms): 22.6399898529
add-flow s34(ms): 46.3509559631
add-flow s34(ms): 51.2509346008
INSERT INTO tm values (1,1034,1112,1)(ms):408.321857452
del-flows s60(ms): 75.9210586548
del-flows s60(ms): 43.8458919525
del-flows s112(ms): 43.2600975037
del-flows s112(ms): 56.9529533386
del-flows s34(ms): 56.736946106
del-flows s34(ms): 20.9200382233
DELETE FROM tm WHERE fid = 1(ms):313.211917877

round 2
add-flow s60(ms): 57.9349994659
add-flow s60(ms): 27.4181365967
add-flow s141(ms): 19.6199417114
add-flow s141(ms): 55.0918579102
add-flow s34(ms): 53.6730289459
add-flow s34(ms): 41.7699813843
INSERT INTO tm values (1,1034,1141,1)(ms):400.583028793
del-flows s60(ms): 53.4088611603
del-flows s60(ms): 20.0519561768
del-flows s141(ms): 67.1989917755
del-flows s141(ms): 51.953792572
del-flows s34(ms): 34.5389842987
del-flows s34(ms): 20.3518867493
DELETE FROM tm WHERE fid = 1(ms):268.453121185

round 3
add-flow s60(ms): 62.9949569702
add-flow s60(ms): 63.5251998901
add-flow s141(ms): 57.825088501
add-flow s141(ms): 34.7390174866
add-flow s34(ms): 20.7529067993
add-flow s34(ms): 37.8949642181
INSERT INTO tm values (1,1034,1141,1)(ms):390.5210495
del-flows s60(ms): 26.5810489655
del-flows s60(ms): 34.5029830933
del-flows s141(ms): 45.6190109253
del-flows s141(ms): 29.1159152985
del-flows s34(ms): 8.74805450439
del-flows s34(ms): 11.7218494415
DELETE FROM tm WHERE fid = 1(ms):165.956020355

round 4
add-flow s60(ms): 54.5189380646
add-flow s60(ms): 24.5959758759
add-flow s141(ms): 63.5619163513
add-flow s141(ms): 54.8949241638
add-flow s472(ms): 33.5650444031
add-flow s472(ms): 45.6500053406
INSERT INTO tm values (1,1141,1472,1)(ms):418.053150177
del-flows s472(ms): 35.0229740143
del-flows s472(ms): 20.6570625305
del-flows s141(ms): 55.1860332489
del-flows s141(ms): 51.6700744629
del-flows s60(ms): 42.368888855
del-flows s60(ms): 19.6509361267
DELETE FROM tm WHERE fid = 1(ms):247.48301506

round 5
add-flow s60(ms): 66.4889812469
add-flow s60(ms): 54.4929504395
add-flow s34(ms): 56.930065155
add-flow s34(ms): 52.7110099792
INSERT INTO tm values (1,1060,1034,1)(ms):352.971076965
del-flows s60(ms): 54.2390346527
del-flows s60(ms): 53.6370277405
del-flows s34(ms): 43.9221858978
del-flows s34(ms): 65.7620429993
DELETE FROM tm WHERE fid = 1(ms):253.25012207

round 6
add-flow s60(ms): 60.9030723572
add-flow s60(ms): 60.3730678558
add-flow s472(ms): 55.7730197906
add-flow s472(ms): 72.026014328
add-flow s34(ms): 64.5389556885
add-flow s34(ms): 57.9359531403
INSERT INTO tm values (1,1034,1472,1)(ms):518.218040466
del-flows s472(ms): 52.7539253235
del-flows s472(ms): 57.1630001068
del-flows s60(ms): 57.8589439392
del-flows s60(ms): 56.8771362305
del-flows s34(ms): 65.8349990845
del-flows s34(ms): 61.9909763336
DELETE FROM tm WHERE fid = 1(ms):375.574111938

round 7
add-flow s193(ms): 55.1338195801
add-flow s193(ms): 58.1398010254
add-flow s141(ms): 61.3889694214
add-flow s141(ms): 52.4930953979
add-flow s60(ms): 56.6961765289
add-flow s60(ms): 57.116985321
INSERT INTO tm values (1,1141,1193,1)(ms):496.895074844
del-flows s193(ms): 52.9670715332
del-flows s193(ms): 72.0901489258
del-flows s141(ms): 54.1038513184
del-flows s141(ms): 51.7809391022
del-flows s60(ms): 57.5330257416
del-flows s60(ms): 58.3639144897
DELETE FROM tm WHERE fid = 1(ms):381.143093109

round 8
add-flow s60(ms): 72.1719264984
add-flow s60(ms): 47.4181175232
add-flow s112(ms): 59.6950054169
add-flow s112(ms): 68.6960220337
add-flow s141(ms): 61.4681243896
add-flow s141(ms): 61.4821910858
INSERT INTO tm values (1,1112,1141,1)(ms):487.268924713
del-flows s141(ms): 58.3999156952
del-flows s141(ms): 52.9201030731
del-flows s60(ms): 49.1409301758
del-flows s60(ms): 73.1251239777
del-flows s112(ms): 62.8519058228
del-flows s112(ms): 58.3209991455
DELETE FROM tm WHERE fid = 1(ms):386.981010437

round 9
add-flow s193(ms): 61.6428852081
add-flow s193(ms): 45.7639694214
add-flow s91(ms): 53.2579421997
add-flow s91(ms): 56.5531253815
add-flow s34(ms): 57.765007019
add-flow s34(ms): 55.477142334
add-flow s60(ms): 57.6620101929
add-flow s60(ms): 61.0389709473
add-flow s89(ms): 70.2750682831
add-flow s89(ms): 49.0930080414
INSERT INTO tm values (1,1193,1089,1)(ms):759.273052216
del-flows s91(ms): 72.7000236511
del-flows s91(ms): 63.0240440369
del-flows s34(ms): 53.4689426422
del-flows s34(ms): 57.5430393219
del-flows s60(ms): 54.0869235992
del-flows s60(ms): 51.5868663788
del-flows s193(ms): 55.3488731384
del-flows s193(ms): 61.7580413818
del-flows s89(ms): 54.6591281891
del-flows s89(ms): 47.5249290466
DELETE FROM tm WHERE fid = 1(ms):611.255884171

-------------------->batch_test ends
